<?xml version="1.0" encoding="UTF-8"?>
<!-- Generated by org.testng.reporters.JUnitReportReporter -->
<testsuite hostname="DESKTOP-SHDQMQC" name="ATTEST.ParallelBrowser" tests="2" failures="0" timestamp="2 Sep 2017 04:26:18 GMT" time="88.573" errors="0">
  <testcase name="testTwo" time="47.419" classname="ATTEST.ParallelBrowser"/>
  <testcase name="testOne" time="41.154" classname="ATTEST.ParallelBrowser"/>
</testsuite> <!-- ATTEST.ParallelBrowser -->
