<?xml version="1.0" encoding="UTF-8"?>
<!-- Generated by org.testng.reporters.JUnitReportReporter -->
<testsuite skipped="0" hostname="DESKTOP-SHDQMQC" name="ATTEST.allannotations" tests="1" failures="0" timestamp="29 Mar 2017 11:13:12 GMT" time="0.002" errors="0">
  <testcase name="f" time="0.002" classname="ATTEST.allannotations"/>
</testsuite> <!-- ATTEST.allannotations -->
