<?xml version="1.0" encoding="UTF-8"?>
<!-- Generated by org.testng.reporters.JUnitReportReporter -->
<testsuite hostname="DESKTOP-SHDQMQC" name="ATTEST.TestBelongsToSingleGroup" tests="3" failures="0" timestamp="4 Aug 2017 07:50:29 GMT" time="0.019" errors="0">
  <testcase name="testThree" time="0.000" classname="ATTEST.TestBelongsToSingleGroup"/>
  <testcase name="testTwo" time="0.000" classname="ATTEST.TestBelongsToSingleGroup"/>
  <testcase name="testOne" time="0.019" classname="ATTEST.TestBelongsToSingleGroup"/>
</testsuite> <!-- ATTEST.TestBelongsToSingleGroup -->
