<?xml version="1.0" encoding="UTF-8"?>
<!-- Generated by org.testng.reporters.JUnitReportReporter -->
<testsuite skipped="0" hostname="DESKTOP-SHDQMQC" name="ATTEST.ParallelExecution" tests="2" failures="0" timestamp="04 Aug 2017 07:15:15 GMT" time="20.034" errors="0">
  <testcase name="testTwo" time="10.017" classname="ATTEST.ParallelExecution"/>
  <testcase name="testOne" time="10.017" classname="ATTEST.ParallelExecution"/>
</testsuite> <!-- ATTEST.ParallelExecution -->
