<?xml version="1.0" encoding="UTF-8"?>
<!-- Generated by org.testng.reporters.JUnitReportReporter -->
<testsuite skipped="0" hostname="DESKTOP-SHDQMQC" name="ATTEST.UseOfBeforeTest2" tests="1" failures="0" timestamp="01 Apr 2017 23:52:47 GMT" time="0.001" errors="0">
  <testcase name="testMethod2" time="0.001" classname="ATTEST.UseOfBeforeTest2"/>
</testsuite> <!-- ATTEST.UseOfBeforeTest2 -->
