<?xml version="1.0" encoding="UTF-8"?>
<!-- Generated by org.testng.reporters.JUnitReportReporter -->
<testsuite skipped="0" hostname="DESKTOP-SHDQMQC" name="ATTEST.TestNg" tests="2" failures="0" timestamp="26 Mar 2017 21:22:53 GMT" time="0.009" errors="0">
  <testcase name="test2" time="0.003" classname="ATTEST.TestNg"/>
  <testcase name="test1" time="0.006" classname="ATTEST.TestNg"/>
</testsuite> <!-- ATTEST.TestNg -->
