<?xml version="1.0" encoding="UTF-8"?>
<!-- Generated by org.testng.reporters.JUnitReportReporter -->
<testsuite skipped="0" hostname="DESKTOP-SHDQMQC" name="ATTEST.DataProviderClass" tests="2" failures="0" timestamp="30 Mar 2017 10:19:05 GMT" time="0.006" errors="0">
  <testcase name="testmethod" time="0.005" classname="ATTEST.DataProviderClass"/>
  <testcase name="testmethod" time="0.001" classname="ATTEST.DataProviderClass"/>
</testsuite> <!-- ATTEST.DataProviderClass -->
