<?xml version="1.0" encoding="UTF-8"?>
<!-- Generated by org.testng.reporters.JUnitReportReporter -->
<testsuite skipped="0" hostname="DESKTOP-SHDQMQC" name="ATTEST.UseOfBeforeTest" tests="2" failures="0" timestamp="01 Apr 2017 23:52:47 GMT" time="0.040" errors="0">
  <testcase name="testMethod1" time="0.002" classname="ATTEST.UseOfBeforeTest"/>
  <testcase name="testMethod1" time="0.038" classname="ATTEST.UseOfBeforeTest"/>
</testsuite> <!-- ATTEST.UseOfBeforeTest -->
