<?xml version="1.0" encoding="UTF-8"?>
<!-- Generated by org.testng.reporters.JUnitReportReporter -->
<testsuite skipped="0" hostname="DESKTOP-SHDQMQC" name="ATTEST.aftermethod" tests="2" failures="0" timestamp="26 Mar 2017 21:14:03 GMT" time="0.016" errors="0">
  <testcase name="test1" time="0.014" classname="ATTEST.aftermethod"/>
  <testcase name="test2" time="0.002" classname="ATTEST.aftermethod"/>
</testsuite> <!-- ATTEST.aftermethod -->
