<?xml version="1.0" encoding="UTF-8"?>
<!-- Generated by org.testng.reporters.JUnitReportReporter -->
<testsuite skipped="0" hostname="DESKTOP-SHDQMQC" name="ATTEST.Parameterization" tests="3" failures="0" timestamp="09 May 2017 11:31:30 GMT" time="0.015" errors="0">
  <testcase name="testTwo" time="0.000" classname="ATTEST.Parameterization"/>
  <testcase name="testThree" time="0.000" classname="ATTEST.Parameterization"/>
  <testcase name="testOne" time="0.015" classname="ATTEST.Parameterization"/>
</testsuite> <!-- ATTEST.Parameterization -->
