<?xml version="1.0" encoding="UTF-8"?>
<!-- Generated by org.testng.reporters.JUnitReportReporter -->
<testsuite skipped="0" hostname="DESKTOP-SHDQMQC" name="ATTEST.test" tests="3" failures="0" timestamp="29 Mar 2017 13:48:28 GMT" time="0.009" errors="0">
  <testcase name="test2" time="0.001" classname="ATTEST.test"/>
  <testcase name="test3" time="0.001" classname="ATTEST.test"/>
  <testcase name="test1" time="0.007" classname="ATTEST.test"/>
</testsuite> <!-- ATTEST.test -->
